0,leu a tabela de usuarios,14/6/2020,23:6:5,
0,leu a lista de e-mails,14/6/2020,23:9:11,
0,fez logout,15/6/2020,11:10:15,
0,fez logout,15/6/2020,11:11:46,
0,fez logout,15/6/2020,11:12:58,
0,fez logout,15/6/2020,11:14:44,
0,fez logout,15/6/2020,11:14:53,
0,fez logout,15/6/2020,11:27:6,
0,fez logout,15/6/2020,11:27:24,
0,fez logout,15/6/2020,11:30:34,
0,fez logout,15/6/2020,11:34:53,
0,fez logout,15/6/2020,11:37:48,
0,fez logout,15/6/2020,11:41:21,
0,fez logout,15/6/2020,11:44:20,
0,fez logout,15/6/2020,11:48:33,
0,fez logout,15/6/2020,11:54:6,
0,fez logout,15/6/2020,11:57:42,
0,fez logout,15/6/2020,11:59:23,
0,fez logout,15/6/2020,12:26:44,
0,fez logout,15/6/2020,12:29:26,
0,fez logout,15/6/2020,12:32:5,
0,fez logout,15/6/2020,12:33:47,
0,fez logout,15/6/2020,12:45:3,
0,fez logout,15/6/2020,12:45:58,
1,fez logout,15/6/2020,12:50:14,
0,fez logout,15/6/2020,12:51:28,
0,fez logout,15/6/2020,12:53:48,
0,fez logout,15/6/2020,12:54:26,
0,fez logout,15/6/2020,12:56:0,
0,fez logout,15/6/2020,13:0:20,
0,fez logout,15/6/2020,13:6:41,
0,fez logout,15/6/2020,13:13:24,
0,fez logout,15/6/2020,13:17:27,
0,fez logout,15/6/2020,13:30:46,
0,saiu do sistema,15/6/2020,13:31:13,
0,fez logout,15/6/2020,13:31:54,
0,fez logout,15/6/2020,13:33:56,
0,fez logout,15/6/2020,13:34:44,
0,fez logout,15/6/2020,13:38:45,
0,fez logout,15/6/2020,13:39:24,
0,fez logout,15/6/2020,13:41:12,
0,fez logout,15/6/2020,14:4:41,
0,fez logout,15/6/2020,14:16:11,
0,fez logout,15/6/2020,14:16:21,
0,fez logout,15/6/2020,14:24:32,
0,fez logout,15/6/2020,14:24:42,
0,fez logout,15/6/2020,14:32:11,
0,fez logout,15/6/2020,14:32:24,
0,fez logout,15/6/2020,14:58:28,
0,fez logout,15/6/2020,14:58:35,
0,fez logout,15/6/2020,15:16:24,
0,fez logout,15/6/2020,15:16:40,
0,fez logout,15/6/2020,15:17:30,
0,fez logout,15/6/2020,15:24:55,
0,fez logout,15/6/2020,15:25:7,
0,fez logout,15/6/2020,23:52:1,
0,fez logout,15/6/2020,23:53:5,
0,leu a tabela de usuarios,15/6/2020,23:53:27,
0,criou um novo usuario,15/6/2020,23:55:57,
